A D/aaed2000////
A D/aim711////
A D/assabet////
A D/at91////
A D/cerf////
A D/cerfpda////
A D/e7t////
A D/ea2468////
A D/eb40////
A D/eb40a////
A D/eb42////
A D/eb55////
A D/ebsa285////
A D/edb7xxx////
A D/excalibur////
A D/flexanet////
A D/gps4020////
A D/grg////
A D/innovator////
A D/integrator////
A D/ipaq////
A D/iq80310////
A D/iq80321////
A D/ixdp425////
A D/jtst////
A D/lpc2xxx////
A D/mpc50////
A D/nano////
A D/olpcx2294////
A D/olpcx2294v2////
A D/phycore////
A D/phycore229x////
A D/picasso////
A D/pid////
A D/prpmc1100////
A D/sa1100mm////
A D/smdk2410////
A D/uE250////
A D/xsengine////
